\BOOKMARK [0][-]{chapter.1}{Preface}{}% 1
\BOOKMARK [0][-]{chapter.2}{Introduction\040to\040R}{}% 2
\BOOKMARK [1][-]{section.2.1}{Getting\040Started}{chapter.2}% 3
\BOOKMARK [1][-]{section.2.2}{A\040Note\040on\040Setting\040the\040Working\040Directory}{chapter.2}% 4
\BOOKMARK [1][-]{section.2.3}{The\040Basics}{chapter.2}% 5
\BOOKMARK [1][-]{section.2.4}{R\040as\040Calculator}{chapter.2}% 6
\BOOKMARK [1][-]{section.2.5}{Data\040Exploration}{chapter.2}% 7
\BOOKMARK [1][-]{section.2.6}{Indexing}{chapter.2}% 8
\BOOKMARK [1][-]{section.2.7}{Whirlwind\040Tour\040of\040R}{chapter.2}% 9
\BOOKMARK [1][-]{section.2.8}{Functions\040for\040Psychologists}{chapter.2}% 10
\BOOKMARK [1][-]{section.2.9}{Resources}{chapter.2}% 11
\BOOKMARK [0][-]{chapter.3}{Data\040Manipulation\040in\040R}{}% 12
\BOOKMARK [1][-]{section.3.1}{Cleaning\040Response\040Data}{chapter.3}% 13
\BOOKMARK [1][-]{section.3.2}{Merging\040Data}{chapter.3}% 14
\BOOKMARK [1][-]{section.3.3}{Checking\040for\040Univariate\040Outliers}{chapter.3}% 15
\BOOKMARK [0][-]{chapter.4}{Epistemology\040of\040Statistics}{}% 16
\BOOKMARK [1][-]{section.4.1}{Karl\040Popper}{chapter.4}% 17
\BOOKMARK [1][-]{section.4.2}{R.A.\040Fisher}{chapter.4}% 18
\BOOKMARK [1][-]{section.4.3}{Neyman-Pearson}{chapter.4}% 19
\BOOKMARK [1][-]{section.4.4}{Bayes}{chapter.4}% 20
\BOOKMARK [0][-]{chapter.5}{Descriptive\040Statistics,\040z\040Scores,\040Central\040Limit}{}% 21
\BOOKMARK [1][-]{section.5.1}{Descriptive\040Statistics\040and\040the\040Normal\040Distribution}{chapter.5}% 22
\BOOKMARK [1][-]{section.5.2}{Practice}{chapter.5}% 23
\BOOKMARK [0][-]{chapter.6}{Sampling\040Distributions}{}% 24
